TN:
SF:src\sygil_authy\__init__.py
DA:6,0,Wa0HamPUnim/64bw9SkQsQ
DA:7,0,f6ikXmYm6y7zaVoGI4KEPQ
DA:10,0,3ADLq4J/TImiKik8sjY59Q
LF:3
LH:0
end_of_record
TN:
SF:src\sygil_authy\main.py
DA:1,0,CKoMXMB8Xv5ZC6iTILRdvA
DA:3,0,a1m2i/CvP0tH4ykMZJEeUA
DA:6,0,xQVNdxAJxuGw1z9RcZmDQw
DA:7,0,2loYFqKsWTLg8EsfxY4sxw
LF:4
LH:0
end_of_record
TN:
SF:src\sygil_authy\utils.py
DA:1,0,lk159C5+Vrf/29kBg7HJGA
DA:2,0,7Z9Lj4ed27Wf2hBX6jooEA
DA:4,0,U4MaKFAuwpoFP++c4ZB6bQ
DA:5,0,z6bIaysPF/9rLtf3jmeLkw
DA:7,0,3+oADZdTVop1r4ytFWU1+g
DA:9,0,vhrC85qbwLHQy7yN2Qp3NA
DA:10,0,1Vtr5YDv3euGY6lW3iHsMQ
DA:12,0,YoBUamBPCj6lPmFn59W8Xw
DA:14,0,ygdCnVMARkD+3YDrpbDx3A
DA:15,0,9wp1gvtSFXvtmmazOYy9vA
DA:18,0,2vPR2nlbhlwEP9aWTOXkRg
DA:19,0,DGRqlDBXVbac/uFZ1Y6lxw
DA:20,0,o3qR7eguiFSG0ZGjX4chCg
DA:21,0,C6d178qFcWyVQmZtxKN4EQ
DA:22,0,VxkYaYOXaQRoIdhFCExD2g
DA:23,0,43c4NEopn6hsSko+SbvM6Q
DA:25,0,peDJyBRJyKHE2NuveDhErw
DA:26,0,pb0txIPUKUzb2PH3kRTV/A
DA:27,0,76Ak6kVVvWy2GqxocJYoBQ
DA:31,0,HF9zQCBNZe+OjOXF+6tnDg
DA:32,0,PCM27ju9eRI7dE6M/gH0BQ
DA:35,0,3z4BTf1TEkNOR2dOoJZRYA
DA:36,0,ytF/iXrNqSDZ5FNJrmYnqQ
DA:37,0,I6GpaQaxLvK2b0BiGCJVOA
DA:38,0,eJ6zrxnLWn/k18a2vHOhRA
DA:40,0,W/g8GJDAYJkSSurt59Mzfw
DA:43,0,bNlZtVYF5UIFutGQPxY0OA
DA:45,0,noReIk8lfSzh0SQUztWr7A
DA:46,0,Px/WVtlP6TR2WWWsz9g07Q
DA:49,0,SU8cgDeTycHD78EqxjbmrQ
DA:51,0,uwLvIBbnkMljOglEmwrgng
DA:52,0,Px/WVtlP6TR2WWWsz9g07Q
DA:55,0,uGn+JNoZZiQ1eVe4UgWacA
DA:56,0,1ImUr8BRajrHevQXuNPnQQ
DA:59,0,vAvH15DxdVJPP4H9sI9g+A
DA:66,0,UACyVs9h7gkqPKePCbTHyQ
DA:71,0,3CicYkUMKkVQewCPoxw1TA
DA:72,0,pqRrmlkOFGcO6TWXY/UXFg
DA:74,0,n/rPpDC42d7bfOsBv0mirg
DA:75,0,R2tX8xeOZm2UuTwttwpxDw
DA:77,0,kCMZ91UR8boZQ0J7/tJ6CQ
DA:79,0,Hh+TWC4MOGT6H73E2YCpwg
DA:80,0,LxEwlEFdSt9gQ48ti28RSg
DA:81,0,vhLW0DnXGfWB75G2BdJvHw
DA:84,0,IJYg0TtLNAZQ31mQcpMhsg
DA:96,0,1fQ+r4QJTJ9z/Y8caI11EQ
DA:97,0,tMmLUdzhh0FDG7gbdKKqCg
DA:98,0,pYDZp1eiZq+ATTQfT9gbog
DA:99,0,aHRVeUd+9JYcrENR7STtHA
DA:101,0,Jr/hM+x86YQ26Yk5eAth2g
DA:102,0,WbYHWJEbm79qr981xr41xA
DA:105,0,DpCPvYDWqTR4wmNTGfeECQ
DA:108,0,3ldtkGuXk4autdCwx+RmvQ
DA:119,0,FesBgcFkwo6DqA59KOzU4Q
LF:54
LH:0
end_of_record
