TN:
SF:src\sygil_authy\__init__.py
DA:6,0,Wa0HamPUnim/64bw9SkQsQ
DA:7,0,f6ikXmYm6y7zaVoGI4KEPQ
DA:10,0,3ADLq4J/TImiKik8sjY59Q
LF:3
LH:0
end_of_record
TN:
SF:src\sygil_authy\main.py
DA:1,0,CKoMXMB8Xv5ZC6iTILRdvA
DA:2,0,a1m2i/CvP0tH4ykMZJEeUA
DA:5,0,xQVNdxAJxuGw1z9RcZmDQw
DA:6,0,2loYFqKsWTLg8EsfxY4sxw
LF:4
LH:0
end_of_record
TN:
SF:src\sygil_authy\utils.py
DA:1,0,lk159C5+Vrf/29kBg7HJGA
DA:2,0,7Z9Lj4ed27Wf2hBX6jooEA
DA:4,0,z6bIaysPF/9rLtf3jmeLkw
DA:6,0,3+oADZdTVop1r4ytFWU1+g
DA:8,0,vhrC85qbwLHQy7yN2Qp3NA
DA:9,0,1Vtr5YDv3euGY6lW3iHsMQ
DA:11,0,GUW4CgdVNS7wgGdxggQTvw
DA:13,0,ygdCnVMARkD+3YDrpbDx3A
DA:14,0,9wp1gvtSFXvtmmazOYy9vA
DA:17,0,2vPR2nlbhlwEP9aWTOXkRg
DA:18,0,DGRqlDBXVbac/uFZ1Y6lxw
DA:19,0,o3qR7eguiFSG0ZGjX4chCg
DA:20,0,C6d178qFcWyVQmZtxKN4EQ
DA:21,0,VxkYaYOXaQRoIdhFCExD2g
DA:22,0,43c4NEopn6hsSko+SbvM6Q
DA:24,0,peDJyBRJyKHE2NuveDhErw
DA:25,0,pb0txIPUKUzb2PH3kRTV/A
DA:26,0,76Ak6kVVvWy2GqxocJYoBQ
DA:30,0,HF9zQCBNZe+OjOXF+6tnDg
DA:31,0,PCM27ju9eRI7dE6M/gH0BQ
DA:34,0,3z4BTf1TEkNOR2dOoJZRYA
DA:35,0,ytF/iXrNqSDZ5FNJrmYnqQ
DA:36,0,I6GpaQaxLvK2b0BiGCJVOA
DA:37,0,eJ6zrxnLWn/k18a2vHOhRA
DA:39,0,W/g8GJDAYJkSSurt59Mzfw
DA:42,0,bNlZtVYF5UIFutGQPxY0OA
DA:44,0,noReIk8lfSzh0SQUztWr7A
DA:45,0,Px/WVtlP6TR2WWWsz9g07Q
DA:48,0,SU8cgDeTycHD78EqxjbmrQ
DA:50,0,uwLvIBbnkMljOglEmwrgng
DA:51,0,Px/WVtlP6TR2WWWsz9g07Q
DA:54,0,uGn+JNoZZiQ1eVe4UgWacA
DA:55,0,1ImUr8BRajrHevQXuNPnQQ
DA:58,0,vAvH15DxdVJPP4H9sI9g+A
DA:65,0,UACyVs9h7gkqPKePCbTHyQ
DA:70,0,3CicYkUMKkVQewCPoxw1TA
DA:71,0,pqRrmlkOFGcO6TWXY/UXFg
DA:73,0,n/rPpDC42d7bfOsBv0mirg
DA:74,0,R2tX8xeOZm2UuTwttwpxDw
DA:76,0,kCMZ91UR8boZQ0J7/tJ6CQ
DA:78,0,Hh+TWC4MOGT6H73E2YCpwg
DA:79,0,LxEwlEFdSt9gQ48ti28RSg
DA:80,0,vhLW0DnXGfWB75G2BdJvHw
DA:83,0,IJYg0TtLNAZQ31mQcpMhsg
DA:95,0,1fQ+r4QJTJ9z/Y8caI11EQ
DA:96,0,tMmLUdzhh0FDG7gbdKKqCg
DA:97,0,pYDZp1eiZq+ATTQfT9gbog
DA:98,0,aHRVeUd+9JYcrENR7STtHA
DA:100,0,Jr/hM+x86YQ26Yk5eAth2g
DA:101,0,WbYHWJEbm79qr981xr41xA
DA:104,0,DpCPvYDWqTR4wmNTGfeECQ
DA:107,0,3ldtkGuXk4autdCwx+RmvQ
DA:118,0,FesBgcFkwo6DqA59KOzU4Q
LF:53
LH:0
end_of_record
